[0;32m
╔═══════════════════════════════════════╗
║  L2C 应用部署                        ║
╚═══════════════════════════════════════╝
[0m
[0;34m[INFO][0m 步骤 1/6: 准备代码仓库...
克隆代码仓库（使用 HTTPS）...
Cloning into 'L2C'...
✅ 代码准备完成
/opt/l2c/L2C
total 928
drwxr-xr-x 11 root root   4096 Dec  8 17:16 .
drwxr-xr-x 12 root root   4096 Dec  8 17:16 ..
drwxr-xr-x  3 root root   4096 Dec  8 17:16 .agent
-rw-r--r--  1 root root   4086 Dec  8 17:16 cleanup_script.py
-rw-r--r--  1 root root  18833 Dec  8 17:16 database-design.md
-rwxr-xr-x  1 root root   9275 Dec  8 17:16 deploy-local-build.sh
-rw-r--r--  1 root root   3665 Dec  8 17:16 DEPLOYMENT_QUICKSTART.md
-rw-r--r--  1 root root   9348 Dec  8 17:16 docker-compose.production-local.yml
-rw-r--r--  1 root root   8951 Dec  8 17:16 docker-compose.production.yml
-rw-r--r--  1 root root   3872 Dec  8 17:16 docker-compose.yml
drwxr-xr-x 10 root root   4096 Dec  8 17:16 docs
-rw-r--r--  1 root root   1999 Dec  8 17:16 .env.production.example
-rw-r--r--  1 root root  61381 Dec  8 17:16 full_schema.sql
drwxr-xr-x  8 root root   4096 Dec  8 17:16 .git
drwxr-xr-x  3 root root   4096 Dec  8 17:16 .github
-rw-r--r--  1 root root    921 Dec  8 17:16 .gitignore
drwxr-xr-x  2 root root   4096 Dec  8 17:16 nginx
-rw-r--r--  1 root root 688513 Dec  8 17:16 package-lock.json
-rw-r--r--  1 root root   7514 Dec  8 17:16 QUICK_START.md
-rw-r--r--  1 root root   7902 Dec  8 17:16 README.md
drwxr-xr-x  3 root root   4096 Dec  8 17:16 scripts
drwxr-xr-x 16 root root   4096 Dec  8 17:16 slideboard-frontend
drwxr-xr-x  6 root root   4096 Dec  8 17:16 supabase
drwxr-xr-x  4 root root   4096 Dec  8 17:16 .trae
-rw-r--r--  1 root root   9515 Dec  8 17:16 user_rules.md
-rw-r--r--  1 root root   9382 Dec  8 17:16 代办问题.md
-rw-r--r--  1 root root   4523 Dec  8 17:16 基础信息.md
-rw-r--r--  1 root root   4962 Dec  8 17:16 文档结构问题解决方案.md
-rw-r--r--  1 root root   5691 Dec  8 17:16 环境配置检查清单.md
-rw-r--r--  1 root root   5114 Dec  8 17:16 部署上线建议.md
[0;32m[SUCCESS][0m 代码仓库已就绪
[0;34m[INFO][0m 步骤 2/6: 生成环境变量文件...
[0;32m[SUCCESS][0m 环境变量已生成并上传
[0;34m[INFO][0m 步骤 3/6: 配置 SSL 证书...
✅ SSL 证书已存在
证书文件：
total 8.0K
-rw-r--r-- 1 root root 3.6K Dec  8 17:17 fullchain.pem
-rw------- 1 root root 1.7K Dec  8 17:17 privkey.pem
[0;32m[SUCCESS][0m SSL 证书配置完成
[0;34m[INFO][0m 步骤 4/6: 检查 Docker Compose 配置...
