[0;32mâ”â”â”â”â”â”â”â”â”â”â”â”â”â”â”â”â”â”â”â”â”â”â”â”â”â”â”â”â”â”â”â”â”â”â”â”â”â”[0m
[0;32mæ­¥éª¤ 1/2: é…ç½® SSH å…¬é’¥åˆ°æœåŠ¡å™¨[0m
[0;32mâ”â”â”â”â”â”â”â”â”â”â”â”â”â”â”â”â”â”â”â”â”â”â”â”â”â”â”â”â”â”â”â”â”â”â”â”â”â”[0m

å°†ä½¿ç”¨æ—§å¯†é’¥è¿æ¥æœåŠ¡å™¨ï¼Œå¹¶æ·»åŠ æ–°å…¬é’¥...

âœ… å…¬é’¥å·²æ·»åŠ åˆ° authorized_keys

[0;32mâœ… SSH å…¬é’¥é…ç½®å®Œæˆ[0m

[0;34mæµ‹è¯•æ–°å¯†é’¥è¿æ¥...[0m
âœ… æ–°å¯†é’¥è¿æ¥æˆåŠŸï¼

[0;32mâ”â”â”â”â”â”â”â”â”â”â”â”â”â”â”â”â”â”â”â”â”â”â”â”â”â”â”â”â”â”â”â”â”â”â”â”â”â”[0m
[0;32mæ­¥éª¤ 2/2: ä½¿ç”¨æ–°å¯†é’¥å®Œæˆéƒ¨ç½²[0m
[0;32mâ”â”â”â”â”â”â”â”â”â”â”â”â”â”â”â”â”â”â”â”â”â”â”â”â”â”â”â”â”â”â”â”â”â”â”â”â”â”[0m

â”â”â”â”â”â”â”â”â”â”â”â”â”â”â”â”â”â”â”â”â”â”â”â”â”â”â”â”â”â”â”â”â”â”â”â”â”â”
å½“å‰ä½ç½®: /opt/l2c/L2C
â”â”â”â”â”â”â”â”â”â”â”â”â”â”â”â”â”â”â”â”â”â”â”â”â”â”â”â”â”â”â”â”â”â”â”â”â”â”

ä½¿ç”¨é…ç½®æ–‡ä»¶: docker-compose.production.yml

âœ… ç¯å¢ƒå˜é‡æ–‡ä»¶å­˜åœ¨
-rw-r--r-- 1 root root 1.5K Dec  8 17:17 .env.production

â”â”â”â”â”â”â”â”â”â”â”â”â”â”â”â”â”â”â”â”â”â”â”â”â”â”â”â”â”â”â”â”â”â”â”â”â”â”
å¼€å§‹æ„å»º Docker é•œåƒï¼ˆçº¦ 10-15 åˆ†é’Ÿï¼‰
â”â”â”â”â”â”â”â”â”â”â”â”â”â”â”â”â”â”â”â”â”â”â”â”â”â”â”â”â”â”â”â”â”â”â”â”â”â”

time="2025-12-08T18:38:59+08:00" level=warning msg="The \"SUPABASE_ANON_KEY\" variable is not set. Defaulting to a blank string."
time="2025-12-08T18:38:59+08:00" level=warning msg="The \"SUPABASE_SERVICE_ROLE_KEY\" variable is not set. Defaulting to a blank string."
time="2025-12-08T18:38:59+08:00" level=warning msg="The \"POSTGRES_PASSWORD\" variable is not set. Defaulting to a blank string."
time="2025-12-08T18:38:59+08:00" level=warning msg="The \"JWT_SECRET\" variable is not set. Defaulting to a blank string."
time="2025-12-08T18:38:59+08:00" level=warning msg="The \"POSTGRES_PASSWORD\" variable is not set. Defaulting to a blank string."
time="2025-12-08T18:38:59+08:00" level=warning msg="The \"SUPABASE_ANON_KEY\" variable is not set. Defaulting to a blank string."
time="2025-12-08T18:38:59+08:00" level=warning msg="The \"SUPABASE_SERVICE_ROLE_KEY\" variable is not set. Defaulting to a blank string."
time="2025-12-08T18:38:59+08:00" level=warning msg="The \"JWT_SECRET\" variable is not set. Defaulting to a blank string."
time="2025-12-08T18:38:59+08:00" level=warning msg="The \"POSTGRES_PASSWORD\" variable is not set. Defaulting to a blank string."
time="2025-12-08T18:38:59+08:00" level=warning msg="The \"SUPABASE_ANON_KEY\" variable is not set. Defaulting to a blank string."
time="2025-12-08T18:38:59+08:00" level=warning msg="The \"SUPABASE_SERVICE_ROLE_KEY\" variable is not set. Defaulting to a blank string."
time="2025-12-08T18:38:59+08:00" level=warning msg="The \"POSTGRES_PASSWORD\" variable is not set. Defaulting to a blank string."
time="2025-12-08T18:38:59+08:00" level=warning msg="The \"POSTGRES_PASSWORD\" variable is not set. Defaulting to a blank string."
time="2025-12-08T18:38:59+08:00" level=warning msg="The \"SUPABASE_ANON_KEY\" variable is not set. Defaulting to a blank string."
time="2025-12-08T18:38:59+08:00" level=warning msg="The \"SUPABASE_SERVICE_ROLE_KEY\" variable is not set. Defaulting to a blank string."
time="2025-12-08T18:38:59+08:00" level=warning msg="The \"POSTGRES_PASSWORD\" variable is not set. Defaulting to a blank string."
time="2025-12-08T18:38:59+08:00" level=warning msg="The \"POSTGRES_PASSWORD\" variable is not set. Defaulting to a blank string."
time="2025-12-08T18:38:59+08:00" level=warning msg="The \"POSTGRES_PASSWORD\" variable is not set. Defaulting to a blank string."
time="2025-12-08T18:38:59+08:00" level=warning msg="The \"SMTP_USER\" variable is not set. Defaulting to a blank string."
time="2025-12-08T18:38:59+08:00" level=warning msg="The \"SMTP_PORT\" variable is not set. Defaulting to a blank string."
time="2025-12-08T18:38:59+08:00" level=warning msg="The \"SMTP_PASS\" variable is not set. Defaulting to a blank string."
time="2025-12-08T18:38:59+08:00" level=warning msg="The \"JWT_SECRET\" variable is not set. Defaulting to a blank string."
time="2025-12-08T18:38:59+08:00" level=warning msg="The \"SMTP_HOST\" variable is not set. Defaulting to a blank string."
time="2025-12-08T18:38:59+08:00" level=warning msg="The \"SMTP_ADMIN_EMAIL\" variable is not set. Defaulting to a blank string."
time="2025-12-08T18:38:59+08:00" level=warning msg="The \"JWT_SECRET\" variable is not set. Defaulting to a blank string."
time="2025-12-08T18:38:59+08:00" level=warning msg="The \"POSTGRES_PASSWORD\" variable is not set. Defaulting to a blank string."
time="2025-12-08T18:39:00+08:00" level=warning msg="/opt/l2c/L2C/docker-compose.production.yml: the attribute `version` is obsolete, it will be ignored, please remove it to avoid potential confusion"
service "nginx" depends on undefined service "web-app": invalid compose project
